[31m[Nest] 26620  - [39m06/03/2026, 11:06:30 PM [31m  ERROR[39m [38;5;3m[ExceptionsHandler] [39mQueryFailedError: Unknown column 'selectedColor' in 'field list'
    at Query.onResult [90m(C:\Users\AD\DALTA_app\backend\[39mnode_modules\[4mtypeorm[24m\driver\src\driver\mysql\MysqlQueryRunner.ts:248:33[90m)[39m
    at Query.execute [90m(C:\Users\AD\DALTA_app\backend\[39mnode_modules\[4mmysql2[24m\lib\commands\command.js:36:14[90m)[39m
    at PoolConnection.handlePacket [90m(C:\Users\AD\DALTA_app\backend\[39mnode_modules\[4mmysql2[24m\lib\base\connection.js:552:34[90m)[39m
    at PacketParser.onPacket [90m(C:\Users\AD\DALTA_app\backend\[39mnode_modules\[4mmysql2[24m\lib\base\connection.js:102:12[90m)[39m
    at PacketParser.executeStart [90m(C:\Users\AD\DALTA_app\backend\[39mnode_modules\[4mmysql2[24m\lib\packet_parser.js:75:16[90m)[39m
    at Socket.<anonymous> [90m(C:\Users\AD\DALTA_app\backend\[39mnode_modules\[4mmysql2[24m\lib\base\connection.js:109:25[90m)[39m
[90m    at Socket.emit (node:events:519:28)[39m
[90m    at addChunk (node:internal/streams/readable:561:12)[39m
[90m    at readableAddChunkPushByteMode (node:internal/streams/readable:512:3)[39m
[90m    at Readable.push (node:internal/streams/readable:392:5)[39m {
  query: [32m'INSERT INTO `order_items`(`id`, `orderId`, `productId`, `productName`, `productImage`, `price`, `quantity`, `selectedColor`, `selectedSize`, `lineTotal`) VALUES (DEFAULT, ?, ?, ?, ?, ?, ?, ?, ?, ?)'[39m,
  parameters: [
    [33m4[39m,
    [33m15[39m,
    [32m'Apex Forged Carbon Rear Wing'[39m,
    [32m'/images/cars/apex-r7.png'[39m,
    [33m120000000[39m,
    [33m1[39m,
    [32m'Forged Carbon Black'[39m,
    [32m'GT Wing Kit'[39m,
    [33m120000000[39m
  ],
  driverError: Error: Unknown column 'selectedColor' in 'field list'
      at Packet.asError [90m(C:\Users\AD\DALTA_app\backend\[39mnode_modules\[4mmysql2[24m\lib\packets\packet.js:788:17[90m)[39m
      at Query.execute [90m(C:\Users\AD\DALTA_app\backend\[39mnode_modules\[4mmysql2[24m\lib\commands\command.js:29:26[90m)[39m
      at PoolConnection.handlePacket [90m(C:\Users\AD\DALTA_app\backend\[39mnode_modules\[4mmysql2[24m\lib\base\connection.js:552:34[90m)[39m
      at PacketParser.onPacket [90m(C:\Users\AD\DALTA_app\backend\[39mnode_modules\[4mmysql2[24m\lib\base\connection.js:102:12[90m)[39m
      at PacketParser.executeStart [90m(C:\Users\AD\DALTA_app\backend\[39mnode_modules\[4mmysql2[24m\lib\packet_parser.js:75:16[90m)[39m
      at Socket.<anonymous> [90m(C:\Users\AD\DALTA_app\backend\[39mnode_modules\[4mmysql2[24m\lib\base\connection.js:109:25[90m)[39m
  [90m    at Socket.emit (node:events:519:28)[39m
  [90m    at addChunk (node:internal/streams/readable:561:12)[39m
  [90m    at readableAddChunkPushByteMode (node:internal/streams/readable:512:3)[39m
  [90m    at Readable.push (node:internal/streams/readable:392:5)[39m {
    code: [32m'ER_BAD_FIELD_ERROR'[39m,
    errno: [33m1054[39m,
    sqlState: [32m'42S22'[39m,
    sqlMessage: [32m"Unknown column 'selectedColor' in 'field list'"[39m,
    sql: [32m"INSERT INTO `order_items`(`id`, `orderId`, `productId`, `productName`, `productImage`, `price`, `quantity`, `selectedColor`, `selectedSize`, `lineTotal`) VALUES (DEFAULT, 4, 15, 'Apex Forged Carbon Rear Wing', '/images/cars/apex-r7.png', 120000000, 1, 'Forged Carbon Black', 'GT Wing Kit', 120000000)"[39m
  },
  code: [32m'ER_BAD_FIELD_ERROR'[39m,
  errno: [33m1054[39m,
  sqlState: [32m'42S22'[39m,
  sqlMessage: [32m"Unknown column 'selectedColor' in 'field list'"[39m,
  sql: [32m"INSERT INTO `order_items`(`id`, `orderId`, `productId`, `productName`, `productImage`, `price`, `quantity`, `selectedColor`, `selectedSize`, `lineTotal`) VALUES (DEFAULT, 4, 15, 'Apex Forged Carbon Rear Wing', '/images/cars/apex-r7.png', 120000000, 1, 'Forged Carbon Black', 'GT Wing Kit', 120000000)"[39m
}
