
> backend@0.0.1 start:orders
> nest start orders-service

[32m[Nest] 26620  - [39m06/03/2026, 11:06:27 PM [32m    LOG[39m [38;5;3m[NestFactory] [39m[32mStarting Nest application...[39m
[32m[Nest] 26620  - [39m06/03/2026, 11:06:27 PM [32m    LOG[39m [38;5;3m[InstanceLoader] [39m[32mPassportModule dependencies initialized[39m[38;5;3m +12ms[39m
[32m[Nest] 26620  - [39m06/03/2026, 11:06:27 PM [32m    LOG[39m [38;5;3m[InstanceLoader] [39m[32mTypeOrmModule dependencies initialized[39m[38;5;3m +1ms[39m
[32m[Nest] 26620  - [39m06/03/2026, 11:06:27 PM [32m    LOG[39m [38;5;3m[InstanceLoader] [39m[32mConfigHostModule dependencies initialized[39m[38;5;3m +1ms[39m
[32m[Nest] 26620  - [39m06/03/2026, 11:06:27 PM [32m    LOG[39m [38;5;3m[InstanceLoader] [39m[32mHttpModule dependencies initialized[39m[38;5;3m +0ms[39m
[32m[Nest] 26620  - [39m06/03/2026, 11:06:27 PM [32m    LOG[39m [38;5;3m[InstanceLoader] [39m[32mConfigModule dependencies initialized[39m[38;5;3m +2ms[39m
[32m[Nest] 26620  - [39m06/03/2026, 11:06:27 PM [32m    LOG[39m [38;5;3m[InstanceLoader] [39m[32mConfigModule dependencies initialized[39m[38;5;3m +0ms[39m
[32m[Nest] 26620  - [39m06/03/2026, 11:06:27 PM [32m    LOG[39m [38;5;3m[InstanceLoader] [39m[32mOrdersAppModule dependencies initialized[39m[38;5;3m +62ms[39m
[32m[Nest] 26620  - [39m06/03/2026, 11:06:27 PM [32m    LOG[39m [38;5;3m[InstanceLoader] [39m[32mTypeOrmCoreModule dependencies initialized[39m[38;5;3m +23ms[39m
[32m[Nest] 26620  - [39m06/03/2026, 11:06:27 PM [32m    LOG[39m [38;5;3m[InstanceLoader] [39m[32mTypeOrmModule dependencies initialized[39m[38;5;3m +1ms[39m
[32m[Nest] 26620  - [39m06/03/2026, 11:06:27 PM [32m    LOG[39m [38;5;3m[InstanceLoader] [39m[32mOrdersModule dependencies initialized[39m[38;5;3m +1ms[39m
[32m[Nest] 26620  - [39m06/03/2026, 11:06:27 PM [32m    LOG[39m [38;5;3m[RoutesResolver] [39m[32mHealthController {/}:[39m[38;5;3m +3ms[39m
[32m[Nest] 26620  - [39m06/03/2026, 11:06:27 PM [32m    LOG[39m [38;5;3m[RouterExplorer] [39m[32mMapped {/, GET} route[39m[38;5;3m +2ms[39m
[32m[Nest] 26620  - [39m06/03/2026, 11:06:27 PM [32m    LOG[39m [38;5;3m[RouterExplorer] [39m[32mMapped {/health, GET} route[39m[38;5;3m +1ms[39m
[32m[Nest] 26620  - [39m06/03/2026, 11:06:27 PM [32m    LOG[39m [38;5;3m[RoutesResolver] [39m[32mOrdersController {/orders}:[39m[38;5;3m +0ms[39m
[32m[Nest] 26620  - [39m06/03/2026, 11:06:27 PM [32m    LOG[39m [38;5;3m[RouterExplorer] [39m[32mMapped {/orders, GET} route[39m[38;5;3m +1ms[39m
[32m[Nest] 26620  - [39m06/03/2026, 11:06:27 PM [32m    LOG[39m [38;5;3m[RouterExplorer] [39m[32mMapped {/orders/:id, GET} route[39m[38;5;3m +1ms[39m
[32m[Nest] 26620  - [39m06/03/2026, 11:06:27 PM [32m    LOG[39m [38;5;3m[RouterExplorer] [39m[32mMapped {/orders/checkout, POST} route[39m[38;5;3m +0ms[39m
[32m[Nest] 26620  - [39m06/03/2026, 11:06:27 PM [32m    LOG[39m [38;5;3m[RouterExplorer] [39m[32mMapped {/orders/guest-checkout, POST} route[39m[38;5;3m +1ms[39m
[32m[Nest] 26620  - [39m06/03/2026, 11:06:27 PM [32m    LOG[39m [38;5;3m[RouterExplorer] [39m[32mMapped {/orders/:id/cancel, POST} route[39m[38;5;3m +0ms[39m
[32m[Nest] 26620  - [39m06/03/2026, 11:06:27 PM [32m    LOG[39m [38;5;3m[RouterExplorer] [39m[32mMapped {/orders/internal/stripe/checkout-completed, POST} route[39m[38;5;3m +1ms[39m
[32m[Nest] 26620  - [39m06/03/2026, 11:06:27 PM [32m    LOG[39m [38;5;3m[NestApplication] [39m[32mNest application successfully started[39m[38;5;3m +1ms[39m
Orders Service running on port 3013
